<?xml version="1.0" encoding="UTF-8"?>
<testng-results ignored="0" total="1" passed="1" failed="0" skipped="0">
  <reporter-output>
  </reporter-output>
  <suite started-at="2025-02-13T05:09:05 IST" name="Suite" finished-at="2025-02-13T05:09:17 IST" duration-ms="11728">
    <groups>
    </groups>
    <test started-at="2025-02-13T05:09:05 IST" name="ChromeTest" finished-at="2025-02-13T05:09:17 IST" duration-ms="11728">
      <class name="testCases.TC004_LogOut">
        <test-method is-config="true" signature="setUp(java.lang.String,java.lang.String)[pri:0, instance:testCases.TC004_LogOut@4bff1903]" started-at="2025-02-13T05:09:05 IST" name="setUp" finished-at="2025-02-13T05:09:12 IST" duration-ms="7047" status="PASS">
          <params>
            <param index="0">
              <value>
                <![CDATA[Windows]]>
              </value>
            </param>
            <param index="1">
              <value>
                <![CDATA[chrome]]>
              </value>
            </param>
          </params>
          <reporter-output>
          </reporter-output>
        </test-method> <!-- setUp -->
        <test-method signature="logOutTest()[pri:0, instance:testCases.TC004_LogOut@4bff1903]" started-at="2025-02-13T05:09:12 IST" name="logOutTest" finished-at="2025-02-13T05:09:16 IST" duration-ms="3676" status="PASS">
          <reporter-output>
          </reporter-output>
        </test-method> <!-- logOutTest -->
        <test-method is-config="true" signature="tearDown()[pri:0, instance:testCases.TC004_LogOut@4bff1903]" started-at="2025-02-13T05:09:16 IST" name="tearDown" finished-at="2025-02-13T05:09:17 IST" duration-ms="560" status="PASS">
          <reporter-output>
          </reporter-output>
        </test-method> <!-- tearDown -->
      </class> <!-- testCases.TC004_LogOut -->
    </test> <!-- ChromeTest -->
  </suite> <!-- Suite -->
</testng-results>
